# JRE version: OpenJDK Runtime Environment Temurin-21.0.8+9 (21.0.8+9) (build 21.0.8+9-LTS)
# Java VM: OpenJDK 64-Bit Server VM Temurin-21.0.8+9 (21.0.8+9-LTS, mixed mode, sharing, tiered, compressed oops, compressed class ptrs, g1 gc, windows-amd64)
GC Precious Log:
 CardTable entry size: 512
 Card Set container configuration: InlinePtr #cards 5 size 8 Array Of Cards #cards 12 size 40 Howl #buckets 4 coarsen threshold 1843 Howl Bitmap #cards 512 size 80 coarsen threshold 460 Card regions per heap region 1 cards per card region 2048
 CPUs: 4 total, 4 available
 Memory: 8072M
 Large Page Support: Disabled
 NUMA Support: Disabled
 Compressed Oops: Enabled (32-bit)
 Heap Region Size: 1M
 Heap Min Capacity: 8M
 Heap Initial Capacity: 128M
 Heap Max Capacity: 2020M
 Pre-touch: Disabled
 Parallel Workers: 4
 Concurrent Workers: 1
 Concurrent Refinement Workers: 4
 Periodic GC: Disabled
Heap:
 garbage-first heap   total 191488K, used 116334K [0x0000000081c00000, 0x0000000100000000)
  region size 1024K, 9 young (9216K), 9 survivors (9216K)
 Metaspace       used 83205K, committed 83968K, reserved 1179648K
  class space    used 11305K, committed 11648K, reserved 1048576K
GC Heap History (20 events):
Event: 9.943 GC heap after
{Heap after GC invocations=16 (full 0):
 garbage-first heap   total 187392K, used 58027K [0x0000000081c00000, 0x0000000100000000)
  region size 1024K, 6 young (6144K), 6 survivors (6144K)
 Metaspace       used 35632K, committed 36096K, reserved 1114112K
  class space    used 4525K, committed 4736K, reserved 1048576K
}
Event: 12.989 GC heap before
{Heap before GC invocations=17 (full 0):
 garbage-first heap   total 187392K, used 158379K [0x0000000081c00000, 0x0000000100000000)
  region size 1024K, 104 young (106496K), 6 survivors (6144K)
 Metaspace       used 51672K, committed 52224K, reserved 1114112K
  class space    used 6701K, committed 6976K, reserved 1048576K
}
Event: 13.007 GC heap after
{Heap after GC invocations=18 (full 0):
 garbage-first heap   total 187392K, used 63442K [0x0000000081c00000, 0x0000000100000000)
  region size 1024K, 11 young (11264K), 11 survivors (11264K)
 Metaspace       used 51672K, committed 52224K, reserved 1114112K
  class space    used 6701K, committed 6976K, reserved 1048576K
}
Event: 14.340 GC heap before
{Heap before GC invocations=18 (full 0):
 garbage-first heap   total 187392K, used 98258K [0x0000000081c00000, 0x0000000100000000)
  region size 1024K, 46 young (47104K), 11 survivors (11264K)
 Metaspace       used 59762K, committed 60288K, reserved 1114112K
  class space    used 7801K, committed 8064K, reserved 1048576K
}
Event: 14.357 GC heap after
{Heap after GC invocations=19 (full 0):
 garbage-first heap   total 187392K, used 65207K [0x0000000081c00000, 0x0000000100000000)
  region size 1024K, 10 young (10240K), 10 survivors (10240K)
 Metaspace       used 59762K, committed 60288K, reserved 1114112K
  class space    used 7801K, committed 8064K, reserved 1048576K
}
Event: 14.369 GC heap before
{Heap before GC invocations=19 (full 0):
 garbage-first heap   total 187392K, used 65207K [0x0000000081c00000, 0x0000000100000000)
  region size 1024K, 11 young (11264K), 10 survivors (10240K)
 Metaspace       used 60061K, committed 60608K, reserved 1114112K
  class space    used 7845K, committed 8128K, reserved 1048576K
}
Event: 14.381 GC heap after
{Heap after GC invocations=20 (full 0):
 garbage-first heap   total 187392K, used 65591K [0x0000000081c00000, 0x0000000100000000)
  region size 1024K, 4 young (4096K), 4 survivors (4096K)
 Metaspace       used 60061K, committed 60608K, reserved 1114112K
  class space    used 7845K, committed 8128K, reserved 1048576K
}
Event: 16.505 GC heap before
{Heap before GC invocations=21 (full 0):
 garbage-first heap   total 187392K, used 169015K [0x0000000081c00000, 0x0000000100000000)
  region size 1024K, 105 young (107520K), 4 survivors (4096K)
 Metaspace       used 68923K, committed 69568K, reserved 1114112K
  class space    used 9166K, committed 9472K, reserved 1048576K
}
Event: 16.514 GC heap after
{Heap after GC invocations=22 (full 0):
 garbage-first heap   total 187392K, used 68618K [0x0000000081c00000, 0x0000000100000000)
  region size 1024K, 7 young (7168K), 7 survivors (7168K)
 Metaspace       used 68923K, committed 69568K, reserved 1114112K
  class space    used 9166K, committed 9472K, reserved 1048576K
}
Event: 17.566 GC heap before
{Heap before GC invocations=22 (full 0):
 garbage-first heap   total 187392K, used 168970K [0x0000000081c00000, 0x0000000100000000)
  region size 1024K, 105 young (107520K), 7 survivors (7168K)
 Metaspace       used 72783K, committed 73408K, reserved 1114112K
  class space    used 9906K, committed 10176K, reserved 1048576K
}
Event: 17.596 GC heap after
{Heap after GC invocations=23 (full 0):
 garbage-first heap   total 191488K, used 81920K [0x0000000081c00000, 0x0000000100000000)
  region size 1024K, 14 young (14336K), 14 survivors (14336K)
 Metaspace       used 72783K, committed 73408K, reserved 1114112K
  class space    used 9906K, committed 10176K, reserved 1048576K
}
Event: 18.454 GC heap before
{Heap before GC invocations=23 (full 0):
 garbage-first heap   total 191488K, used 165888K [0x0000000081c00000, 0x0000000100000000)
  region size 1024K, 97 young (99328K), 14 survivors (14336K)
 Metaspace       used 75273K, committed 75904K, reserved 1179648K
  class space    used 10224K, committed 10496K, reserved 1048576K
}
Event: 18.484 GC heap after
{Heap after GC invocations=24 (full 0):
 garbage-first heap   total 191488K, used 91648K [0x0000000081c00000, 0x0000000100000000)
  region size 1024K, 9 young (9216K), 9 survivors (9216K)
 Metaspace       used 75273K, committed 75904K, reserved 1179648K
  class space    used 10224K, committed 10496K, reserved 1048576K
}
Event: 18.947 GC heap before
{Heap before GC invocations=24 (full 0):
 garbage-first heap   total 191488K, used 168448K [0x0000000081c00000, 0x0000000100000000)
  region size 1024K, 84 young (86016K), 9 survivors (9216K)
 Metaspace       used 75477K, committed 76096K, reserved 1179648K
  class space    used 10235K, committed 10496K, reserved 1048576K
}
Event: 18.971 GC heap after
{Heap after GC invocations=25 (full 0):
 garbage-first heap   total 191488K, used 102912K [0x0000000081c00000, 0x0000000100000000)
  region size 1024K, 11 young (11264K), 11 survivors (11264K)
 Metaspace       used 75477K, committed 76096K, reserved 1179648K
  class space    used 10235K, committed 10496K, reserved 1048576K
}
Event: 19.364 GC heap before
{Heap before GC invocations=26 (full 0):
 garbage-first heap   total 191488K, used 168448K [0x0000000081c00000, 0x0000000100000000)
  region size 1024K, 75 young (76800K), 11 survivors (11264K)
 Metaspace       used 75660K, committed 76288K, reserved 1179648K
  class space    used 10246K, committed 10496K, reserved 1048576K
}
Event: 19.381 GC heap after
{Heap after GC invocations=27 (full 0):
 garbage-first heap   total 191488K, used 108451K [0x0000000081c00000, 0x0000000100000000)
  region size 1024K, 5 young (5120K), 5 survivors (5120K)
 Metaspace       used 75660K, committed 76288K, reserved 1179648K
  class space    used 10246K, committed 10496K, reserved 1048576K
}
Event: 20.417 GC heap before
{Heap before GC invocations=27 (full 0):
 garbage-first heap   total 191488K, used 170915K [0x0000000081c00000, 0x0000000100000000)
  region size 1024K, 66 young (67584K), 5 survivors (5120K)
 Metaspace       used 78611K, committed 79296K, reserved 1179648K
  class space    used 10631K, committed 10944K, reserved 1048576K
}
Event: 20.433 GC heap after
{Heap after GC invocations=28 (full 0):
 garbage-first heap   total 191488K, used 111459K [0x0000000081c00000, 0x0000000100000000)
  region size 1024K, 8 young (8192K), 8 survivors (8192K)
 Metaspace       used 78611K, committed 79296K, reserved 1179648K
  class space    used 10631K, committed 10944K, reserved 1048576K
}
Event: 22.283 GC heap before
{Heap before GC invocations=28 (full 0):
 garbage-first heap   total 191488K, used 172899K [0x0000000081c00000, 0x0000000100000000)
  region size 1024K, 68 young (69632K), 8 survivors (8192K)
 Metaspace       used 83205K, committed 83968K, reserved 1179648K
  class space    used 11305K, committed 11648K, reserved 1048576K
}

