# JRE version: OpenJDK Runtime Environment Temurin-21.0.8+9 (21.0.8+9) (build 21.0.8+9-LTS)
# Java VM: OpenJDK 64-Bit Server VM Temurin-21.0.8+9 (21.0.8+9-LTS, mixed mode, sharing, tiered, compressed oops, compressed class ptrs, g1 gc, windows-amd64)
GC Precious Log:
 CardTable entry size: 512
 Card Set container configuration: InlinePtr #cards 5 size 8 Array Of Cards #cards 12 size 40 Howl #buckets 4 coarsen threshold 1843 Howl Bitmap #cards 512 size 80 coarsen threshold 460 Card regions per heap region 1 cards per card region 2048
 CPUs: 4 total, 4 available
 Memory: 8072M
 Large Page Support: Disabled
 NUMA Support: Disabled
 Compressed Oops: Enabled (32-bit)
 Heap Region Size: 1M
 Heap Min Capacity: 8M
 Heap Initial Capacity: 128M
 Heap Max Capacity: 2020M
 Pre-touch: Disabled
 Parallel Workers: 4
 Concurrent Workers: 1
 Concurrent Refinement Workers: 4
 Periodic GC: Disabled
Heap:
 garbage-first heap   total 162816K, used 109369K [0x0000000081c00000, 0x0000000100000000)
  region size 1024K, 22 young (22528K), 6 survivors (6144K)
 Metaspace       used 77703K, committed 78336K, reserved 1179648K
  class space    used 10516K, committed 10816K, reserved 1048576K
GC Heap History (20 events):
Event: 11.463 GC heap before
{Heap before GC invocations=15 (full 0):
 garbage-first heap   total 80896K, used 72591K [0x0000000081c00000, 0x0000000100000000)
  region size 1024K, 26 young (26624K), 3 survivors (3072K)
 Metaspace       used 23990K, committed 24384K, reserved 1114112K
  class space    used 2989K, committed 3200K, reserved 1048576K
}
Event: 11.474 GC heap after
{Heap after GC invocations=16 (full 0):
 garbage-first heap   total 161792K, used 50929K [0x0000000081c00000, 0x0000000100000000)
  region size 1024K, 3 young (3072K), 3 survivors (3072K)
 Metaspace       used 23990K, committed 24384K, reserved 1114112K
  class space    used 2989K, committed 3200K, reserved 1048576K
}
Event: 14.070 GC heap before
{Heap before GC invocations=16 (full 0):
 garbage-first heap   total 161792K, used 134897K [0x0000000081c00000, 0x0000000100000000)
  region size 1024K, 86 young (88064K), 3 survivors (3072K)
 Metaspace       used 34063K, committed 34560K, reserved 1114112K
  class space    used 4356K, committed 4608K, reserved 1048576K
}
Event: 14.087 GC heap after
{Heap after GC invocations=17 (full 0):
 garbage-first heap   total 161792K, used 57801K [0x0000000081c00000, 0x0000000100000000)
  region size 1024K, 9 young (9216K), 9 survivors (9216K)
 Metaspace       used 34063K, committed 34560K, reserved 1114112K
  class space    used 4356K, committed 4608K, reserved 1048576K
}
Event: 15.319 GC heap before
{Heap before GC invocations=17 (full 0):
 garbage-first heap   total 161792K, used 130505K [0x0000000081c00000, 0x0000000100000000)
  region size 1024K, 81 young (82944K), 9 survivors (9216K)
 Metaspace       used 39075K, committed 39616K, reserved 1114112K
  class space    used 5000K, committed 5248K, reserved 1048576K
}
Event: 15.339 GC heap after
{Heap after GC invocations=18 (full 0):
 garbage-first heap   total 161792K, used 60751K [0x0000000081c00000, 0x0000000100000000)
  region size 1024K, 4 young (4096K), 4 survivors (4096K)
 Metaspace       used 39075K, committed 39616K, reserved 1114112K
  class space    used 5000K, committed 5248K, reserved 1048576K
}
Event: 18.725 GC heap before
{Heap before GC invocations=19 (full 0):
 garbage-first heap   total 161792K, used 141647K [0x0000000081c00000, 0x0000000100000000)
  region size 1024K, 83 young (84992K), 4 survivors (4096K)
 Metaspace       used 62737K, committed 63296K, reserved 1114112K
  class space    used 8325K, committed 8576K, reserved 1048576K
}
Event: 18.742 GC heap after
{Heap after GC invocations=20 (full 0):
 garbage-first heap   total 161792K, used 66259K [0x0000000081c00000, 0x0000000100000000)
  region size 1024K, 9 young (9216K), 9 survivors (9216K)
 Metaspace       used 62737K, committed 63296K, reserved 1114112K
  class space    used 8325K, committed 8576K, reserved 1048576K
}
Event: 19.398 GC heap before
{Heap before GC invocations=20 (full 0):
 garbage-first heap   total 161792K, used 100051K [0x0000000081c00000, 0x0000000100000000)
  region size 1024K, 43 young (44032K), 9 survivors (9216K)
 Metaspace       used 65899K, committed 66496K, reserved 1114112K
  class space    used 8753K, committed 9024K, reserved 1048576K
}
Event: 19.414 GC heap after
{Heap after GC invocations=21 (full 0):
 garbage-first heap   total 161792K, used 66719K [0x0000000081c00000, 0x0000000100000000)
  region size 1024K, 2 young (2048K), 2 survivors (2048K)
 Metaspace       used 65899K, committed 66496K, reserved 1114112K
  class space    used 8753K, committed 9024K, reserved 1048576K
}
Event: 19.450 GC heap before
{Heap before GC invocations=21 (full 0):
 garbage-first heap   total 161792K, used 67743K [0x0000000081c00000, 0x0000000100000000)
  region size 1024K, 4 young (4096K), 2 survivors (2048K)
 Metaspace       used 66199K, committed 66816K, reserved 1114112K
  class space    used 8796K, committed 9088K, reserved 1048576K
}
Event: 19.454 GC heap after
{Heap after GC invocations=22 (full 0):
 garbage-first heap   total 161792K, used 66378K [0x0000000081c00000, 0x0000000100000000)
  region size 1024K, 2 young (2048K), 2 survivors (2048K)
 Metaspace       used 66199K, committed 66816K, reserved 1114112K
  class space    used 8796K, committed 9088K, reserved 1048576K
}
Event: 21.367 GC heap before
{Heap before GC invocations=23 (full 0):
 garbage-first heap   total 161792K, used 142154K [0x0000000081c00000, 0x0000000100000000)
  region size 1024K, 76 young (77824K), 2 survivors (2048K)
 Metaspace       used 74241K, committed 74944K, reserved 1114112K
  class space    used 10092K, committed 10432K, reserved 1048576K
}
Event: 21.380 GC heap after
{Heap after GC invocations=24 (full 0):
 garbage-first heap   total 161792K, used 73741K [0x0000000081c00000, 0x0000000100000000)
  region size 1024K, 9 young (9216K), 9 survivors (9216K)
 Metaspace       used 74241K, committed 74944K, reserved 1114112K
  class space    used 10092K, committed 10432K, reserved 1048576K
}
Event: 21.848 GC heap before
{Heap before GC invocations=24 (full 0):
 garbage-first heap   total 161792K, used 141325K [0x0000000081c00000, 0x0000000100000000)
  region size 1024K, 76 young (77824K), 9 survivors (9216K)
 Metaspace       used 75716K, committed 76352K, reserved 1179648K
  class space    used 10278K, committed 10560K, reserved 1048576K
}
Event: 21.861 GC heap after
{Heap after GC invocations=25 (full 0):
 garbage-first heap   total 161792K, used 72908K [0x0000000081c00000, 0x0000000100000000)
  region size 1024K, 3 young (3072K), 3 survivors (3072K)
 Metaspace       used 75716K, committed 76352K, reserved 1179648K
  class space    used 10278K, committed 10560K, reserved 1048576K
}
Event: 22.116 GC heap before
{Heap before GC invocations=25 (full 0):
 garbage-first heap   total 161792K, used 144588K [0x0000000081c00000, 0x0000000100000000)
  region size 1024K, 73 young (74752K), 3 survivors (3072K)
 Metaspace       used 75736K, committed 76352K, reserved 1179648K
  class space    used 10278K, committed 10560K, reserved 1048576K
}
Event: 22.136 GC heap after
{Heap after GC invocations=26 (full 0):
 garbage-first heap   total 162816K, used 87544K [0x0000000081c00000, 0x0000000100000000)
  region size 1024K, 10 young (10240K), 10 survivors (10240K)
 Metaspace       used 75736K, committed 76352K, reserved 1179648K
  class space    used 10278K, committed 10560K, reserved 1048576K
}
Event: 22.787 GC heap before
{Heap before GC invocations=27 (full 0):
 garbage-first heap   total 162816K, used 139768K [0x0000000081c00000, 0x0000000100000000)
  region size 1024K, 61 young (62464K), 10 survivors (10240K)
 Metaspace       used 76527K, committed 77184K, reserved 1179648K
  class space    used 10361K, committed 10688K, reserved 1048576K
}
Event: 22.811 GC heap after
{Heap after GC invocations=28 (full 0):
 garbage-first heap   total 162816K, used 94009K [0x0000000081c00000, 0x0000000100000000)
  region size 1024K, 6 young (6144K), 6 survivors (6144K)
 Metaspace       used 76527K, committed 77184K, reserved 1179648K
  class space    used 10361K, committed 10688K, reserved 1048576K
}

