# JRE version: OpenJDK Runtime Environment Temurin-21.0.8+9 (21.0.8+9) (build 21.0.8+9-LTS)
# Java VM: OpenJDK 64-Bit Server VM Temurin-21.0.8+9 (21.0.8+9-LTS, mixed mode, sharing, tiered, compressed oops, compressed class ptrs, g1 gc, windows-amd64)
GC Precious Log:
 CardTable entry size: 512
 Card Set container configuration: InlinePtr #cards 5 size 8 Array Of Cards #cards 12 size 40 Howl #buckets 4 coarsen threshold 1843 Howl Bitmap #cards 512 size 80 coarsen threshold 460 Card regions per heap region 1 cards per card region 2048
 CPUs: 4 total, 4 available
 Memory: 8072M
 Large Page Support: Disabled
 NUMA Support: Disabled
 Compressed Oops: Enabled (32-bit)
 Heap Region Size: 1M
 Heap Min Capacity: 8M
 Heap Initial Capacity: 128M
 Heap Max Capacity: 2020M
 Pre-touch: Disabled
 Parallel Workers: 4
 Concurrent Workers: 1
 Concurrent Refinement Workers: 4
 Periodic GC: Disabled
Heap:
 garbage-first heap   total 185344K, used 119992K [0x0000000081c00000, 0x0000000100000000)
  region size 1024K, 63 young (64512K), 8 survivors (8192K)
 Metaspace       used 67285K, committed 67840K, reserved 1114112K
  class space    used 8961K, committed 9216K, reserved 1048576K
GC Heap History (20 events):
Event: 4.894 GC heap before
{Heap before GC invocations=8 (full 0):
 garbage-first heap   total 79872K, used 62503K [0x0000000081c00000, 0x0000000100000000)
  region size 1024K, 41 young (41984K), 3 survivors (3072K)
 Metaspace       used 23379K, committed 23744K, reserved 1114112K
  class space    used 2914K, committed 3072K, reserved 1048576K
}
Event: 4.905 GC heap after
{Heap after GC invocations=9 (full 0):
 garbage-first heap   total 79872K, used 28467K [0x0000000081c00000, 0x0000000100000000)
  region size 1024K, 6 young (6144K), 6 survivors (6144K)
 Metaspace       used 23379K, committed 23744K, reserved 1114112K
  class space    used 2914K, committed 3072K, reserved 1048576K
}
Event: 5.121 GC heap before
{Heap before GC invocations=9 (full 0):
 garbage-first heap   total 79872K, used 66355K [0x0000000081c00000, 0x0000000100000000)
  region size 1024K, 43 young (44032K), 6 survivors (6144K)
 Metaspace       used 23382K, committed 23744K, reserved 1114112K
  class space    used 2914K, committed 3072K, reserved 1048576K
}
Event: 5.142 GC heap after
{Heap after GC invocations=10 (full 0):
 garbage-first heap   total 79872K, used 32768K [0x0000000081c00000, 0x0000000100000000)
  region size 1024K, 4 young (4096K), 4 survivors (4096K)
 Metaspace       used 23382K, committed 23744K, reserved 1114112K
  class space    used 2914K, committed 3072K, reserved 1048576K
}
Event: 5.342 GC heap before
{Heap before GC invocations=10 (full 0):
 garbage-first heap   total 79872K, used 67584K [0x0000000081c00000, 0x0000000100000000)
  region size 1024K, 38 young (38912K), 4 survivors (4096K)
 Metaspace       used 23409K, committed 23744K, reserved 1114112K
  class space    used 2916K, committed 3072K, reserved 1048576K
}
Event: 5.356 GC heap after
{Heap after GC invocations=11 (full 0):
 garbage-first heap   total 79872K, used 36587K [0x0000000081c00000, 0x0000000100000000)
  region size 1024K, 4 young (4096K), 4 survivors (4096K)
 Metaspace       used 23409K, committed 23744K, reserved 1114112K
  class space    used 2916K, committed 3072K, reserved 1048576K
}
Event: 5.516 GC heap before
{Heap before GC invocations=11 (full 0):
 garbage-first heap   total 79872K, used 68331K [0x0000000081c00000, 0x0000000100000000)
  region size 1024K, 36 young (36864K), 4 survivors (4096K)
 Metaspace       used 23413K, committed 23744K, reserved 1114112K
  class space    used 2917K, committed 3072K, reserved 1048576K
}
Event: 5.533 GC heap after
{Heap after GC invocations=12 (full 0):
 garbage-first heap   total 132096K, used 40719K [0x0000000081c00000, 0x0000000100000000)
  region size 1024K, 4 young (4096K), 4 survivors (4096K)
 Metaspace       used 23413K, committed 23744K, reserved 1114112K
  class space    used 2917K, committed 3072K, reserved 1048576K
}
Event: 6.073 GC heap before
{Heap before GC invocations=12 (full 0):
 garbage-first heap   total 132096K, used 111375K [0x0000000081c00000, 0x0000000100000000)
  region size 1024K, 74 young (75776K), 4 survivors (4096K)
 Metaspace       used 23987K, committed 24384K, reserved 1114112K
  class space    used 2988K, committed 3200K, reserved 1048576K
}
Event: 6.095 GC heap after
{Heap after GC invocations=13 (full 0):
 garbage-first heap   total 132096K, used 49152K [0x0000000081c00000, 0x0000000100000000)
  region size 1024K, 10 young (10240K), 10 survivors (10240K)
 Metaspace       used 23987K, committed 24384K, reserved 1114112K
  class space    used 2988K, committed 3200K, reserved 1048576K
}
Event: 7.647 GC heap before
{Heap before GC invocations=13 (full 0):
 garbage-first heap   total 132096K, used 109568K [0x0000000081c00000, 0x0000000100000000)
  region size 1024K, 70 young (71680K), 10 survivors (10240K)
 Metaspace       used 28723K, committed 29120K, reserved 1114112K
  class space    used 3632K, committed 3840K, reserved 1048576K
}
Event: 7.667 GC heap after
{Heap after GC invocations=14 (full 0):
 garbage-first heap   total 132096K, used 55102K [0x0000000081c00000, 0x0000000100000000)
  region size 1024K, 6 young (6144K), 6 survivors (6144K)
 Metaspace       used 28723K, committed 29120K, reserved 1114112K
  class space    used 3632K, committed 3840K, reserved 1048576K
}
Event: 8.930 GC heap before
{Heap before GC invocations=14 (full 0):
 garbage-first heap   total 132096K, used 89918K [0x0000000081c00000, 0x0000000100000000)
  region size 1024K, 41 young (41984K), 6 survivors (6144K)
 Metaspace       used 35542K, committed 35968K, reserved 1114112K
  class space    used 4513K, committed 4736K, reserved 1048576K
}
Event: 8.945 GC heap after
{Heap after GC invocations=15 (full 0):
 garbage-first heap   total 132096K, used 58621K [0x0000000081c00000, 0x0000000100000000)
  region size 1024K, 4 young (4096K), 4 survivors (4096K)
 Metaspace       used 35542K, committed 35968K, reserved 1114112K
  class space    used 4513K, committed 4736K, reserved 1048576K
}
Event: 9.996 GC heap before
{Heap before GC invocations=16 (full 0):
 garbage-first heap   total 132096K, used 114941K [0x0000000081c00000, 0x0000000100000000)
  region size 1024K, 59 young (60416K), 4 survivors (4096K)
 Metaspace       used 38353K, committed 38912K, reserved 1114112K
  class space    used 4929K, committed 5184K, reserved 1048576K
}
Event: 10.007 GC heap after
{Heap after GC invocations=17 (full 0):
 garbage-first heap   total 132096K, used 62708K [0x0000000081c00000, 0x0000000100000000)
  region size 1024K, 8 young (8192K), 8 survivors (8192K)
 Metaspace       used 38353K, committed 38912K, reserved 1114112K
  class space    used 4929K, committed 5184K, reserved 1048576K
}
Event: 12.472 GC heap before
{Heap before GC invocations=17 (full 0):
 garbage-first heap   total 132096K, used 115956K [0x0000000081c00000, 0x0000000100000000)
  region size 1024K, 60 young (61440K), 8 survivors (8192K)
 Metaspace       used 53695K, committed 54272K, reserved 1114112K
  class space    used 6966K, committed 7232K, reserved 1048576K
}
Event: 12.486 GC heap after
{Heap after GC invocations=18 (full 0):
 garbage-first heap   total 185344K, used 63176K [0x0000000081c00000, 0x0000000100000000)
  region size 1024K, 7 young (7168K), 7 survivors (7168K)
 Metaspace       used 53695K, committed 54272K, reserved 1114112K
  class space    used 6966K, committed 7232K, reserved 1048576K
}
Event: 13.453 GC heap before
{Heap before GC invocations=18 (full 0):
 garbage-first heap   total 185344K, used 90824K [0x0000000081c00000, 0x0000000100000000)
  region size 1024K, 35 young (35840K), 7 survivors (7168K)
 Metaspace       used 60671K, committed 61248K, reserved 1114112K
  class space    used 7899K, committed 8128K, reserved 1048576K
}
Event: 13.468 GC heap after
{Heap after GC invocations=19 (full 0):
 garbage-first heap   total 185344K, used 64696K [0x0000000081c00000, 0x0000000100000000)
  region size 1024K, 8 young (8192K), 8 survivors (8192K)
 Metaspace       used 60671K, committed 61248K, reserved 1114112K
  class space    used 7899K, committed 8128K, reserved 1048576K
}

