# JRE version: OpenJDK Runtime Environment Temurin-21.0.8+9 (21.0.8+9) (build 21.0.8+9-LTS)
# Java VM: OpenJDK 64-Bit Server VM Temurin-21.0.8+9 (21.0.8+9-LTS, mixed mode, sharing, tiered, compressed oops, compressed class ptrs, g1 gc, windows-amd64)
GC Precious Log:
 CardTable entry size: 512
 Card Set container configuration: InlinePtr #cards 5 size 8 Array Of Cards #cards 12 size 40 Howl #buckets 4 coarsen threshold 1843 Howl Bitmap #cards 512 size 80 coarsen threshold 460 Card regions per heap region 1 cards per card region 2048
 CPUs: 4 total, 4 available
 Memory: 8072M
 Large Page Support: Disabled
 NUMA Support: Disabled
 Compressed Oops: Enabled (32-bit)
 Heap Region Size: 1M
 Heap Min Capacity: 8M
 Heap Initial Capacity: 128M
 Heap Max Capacity: 2020M
 Pre-touch: Disabled
 Parallel Workers: 4
 Concurrent Workers: 1
 Concurrent Refinement Workers: 4
 Periodic GC: Disabled
Heap:
 garbage-first heap   total 128000K, used 73698K [0x0000000081c00000, 0x0000000100000000)
  region size 1024K, 9 young (9216K), 4 survivors (4096K)
 Metaspace       used 66917K, committed 67584K, reserved 1114112K
  class space    used 8925K, committed 9216K, reserved 1048576K
GC Heap History (20 events):
Event: 5.799 GC heap before
{Heap before GC invocations=9 (full 0):
 garbage-first heap   total 77824K, used 64512K [0x0000000081c00000, 0x0000000100000000)
  region size 1024K, 39 young (39936K), 4 survivors (4096K)
 Metaspace       used 23367K, committed 23680K, reserved 1114112K
  class space    used 2912K, committed 3072K, reserved 1048576K
}
Event: 5.813 GC heap after
{Heap after GC invocations=10 (full 0):
 garbage-first heap   total 77824K, used 31878K [0x0000000081c00000, 0x0000000100000000)
  region size 1024K, 4 young (4096K), 4 survivors (4096K)
 Metaspace       used 23367K, committed 23680K, reserved 1114112K
  class space    used 2912K, committed 3072K, reserved 1048576K
}
Event: 5.988 GC heap before
{Heap before GC invocations=10 (full 0):
 garbage-first heap   total 77824K, used 65670K [0x0000000081c00000, 0x0000000100000000)
  region size 1024K, 37 young (37888K), 4 survivors (4096K)
 Metaspace       used 23395K, committed 23744K, reserved 1114112K
  class space    used 2914K, committed 3072K, reserved 1048576K
}
Event: 6.005 GC heap after
{Heap after GC invocations=11 (full 0):
 garbage-first heap   total 77824K, used 35810K [0x0000000081c00000, 0x0000000100000000)
  region size 1024K, 4 young (4096K), 4 survivors (4096K)
 Metaspace       used 23395K, committed 23744K, reserved 1114112K
  class space    used 2914K, committed 3072K, reserved 1048576K
}
Event: 6.159 GC heap before
{Heap before GC invocations=11 (full 0):
 garbage-first heap   total 77824K, used 65506K [0x0000000081c00000, 0x0000000100000000)
  region size 1024K, 34 young (34816K), 4 survivors (4096K)
 Metaspace       used 23395K, committed 23744K, reserved 1114112K
  class space    used 2914K, committed 3072K, reserved 1048576K
}
Event: 6.171 GC heap after
{Heap after GC invocations=12 (full 0):
 garbage-first heap   total 128000K, used 39408K [0x0000000081c00000, 0x0000000100000000)
  region size 1024K, 4 young (4096K), 4 survivors (4096K)
 Metaspace       used 23395K, committed 23744K, reserved 1114112K
  class space    used 2914K, committed 3072K, reserved 1048576K
}
Event: 6.668 GC heap before
{Heap before GC invocations=12 (full 0):
 garbage-first heap   total 128000K, used 110064K [0x0000000081c00000, 0x0000000100000000)
  region size 1024K, 73 young (74752K), 4 survivors (4096K)
 Metaspace       used 23779K, committed 24128K, reserved 1114112K
  class space    used 2964K, committed 3136K, reserved 1048576K
}
Event: 6.688 GC heap after
{Heap after GC invocations=13 (full 0):
 garbage-first heap   total 128000K, used 48351K [0x0000000081c00000, 0x0000000100000000)
  region size 1024K, 10 young (10240K), 10 survivors (10240K)
 Metaspace       used 23779K, committed 24128K, reserved 1114112K
  class space    used 2964K, committed 3136K, reserved 1048576K
}
Event: 7.855 GC heap before
{Heap before GC invocations=13 (full 0):
 garbage-first heap   total 128000K, used 105695K [0x0000000081c00000, 0x0000000100000000)
  region size 1024K, 67 young (68608K), 10 survivors (10240K)
 Metaspace       used 27033K, committed 27392K, reserved 1114112K
  class space    used 3409K, committed 3584K, reserved 1048576K
}
Event: 7.879 GC heap after
{Heap after GC invocations=14 (full 0):
 garbage-first heap   total 128000K, used 54092K [0x0000000081c00000, 0x0000000100000000)
  region size 1024K, 5 young (5120K), 5 survivors (5120K)
 Metaspace       used 27033K, committed 27392K, reserved 1114112K
  class space    used 3409K, committed 3584K, reserved 1048576K
}
Event: 9.555 GC heap before
{Heap before GC invocations=14 (full 0):
 garbage-first heap   total 128000K, used 98124K [0x0000000081c00000, 0x0000000100000000)
  region size 1024K, 49 young (50176K), 5 survivors (5120K)
 Metaspace       used 35526K, committed 35968K, reserved 1114112K
  class space    used 4506K, committed 4736K, reserved 1048576K
}
Event: 9.569 GC heap after
{Heap after GC invocations=15 (full 0):
 garbage-first heap   total 128000K, used 58202K [0x0000000081c00000, 0x0000000100000000)
  region size 1024K, 5 young (5120K), 5 survivors (5120K)
 Metaspace       used 35526K, committed 35968K, reserved 1114112K
  class space    used 4506K, committed 4736K, reserved 1048576K
}
Event: 11.293 GC heap before
{Heap before GC invocations=16 (full 0):
 garbage-first heap   total 128000K, used 112474K [0x0000000081c00000, 0x0000000100000000)
  region size 1024K, 58 young (59392K), 5 survivors (5120K)
 Metaspace       used 38397K, committed 38976K, reserved 1114112K
  class space    used 4927K, committed 5184K, reserved 1048576K
}
Event: 11.305 GC heap after
{Heap after GC invocations=17 (full 0):
 garbage-first heap   total 128000K, used 62197K [0x0000000081c00000, 0x0000000100000000)
  region size 1024K, 8 young (8192K), 8 survivors (8192K)
 Metaspace       used 38397K, committed 38976K, reserved 1114112K
  class space    used 4927K, committed 5184K, reserved 1048576K
}
Event: 13.378 GC heap before
{Heap before GC invocations=17 (full 0):
 garbage-first heap   total 128000K, used 112373K [0x0000000081c00000, 0x0000000100000000)
  region size 1024K, 57 young (58368K), 8 survivors (8192K)
 Metaspace       used 52544K, committed 53056K, reserved 1114112K
  class space    used 6816K, committed 7040K, reserved 1048576K
}
Event: 13.394 GC heap after
{Heap after GC invocations=18 (full 0):
 garbage-first heap   total 128000K, used 65394K [0x0000000081c00000, 0x0000000100000000)
  region size 1024K, 8 young (8192K), 8 survivors (8192K)
 Metaspace       used 52544K, committed 53056K, reserved 1114112K
  class space    used 6816K, committed 7040K, reserved 1048576K
}
Event: 14.467 GC heap before
{Heap before GC invocations=18 (full 0):
 garbage-first heap   total 128000K, used 97138K [0x0000000081c00000, 0x0000000100000000)
  region size 1024K, 40 young (40960K), 8 survivors (8192K)
 Metaspace       used 59754K, committed 60288K, reserved 1114112K
  class space    used 7819K, committed 8064K, reserved 1048576K
}
Event: 14.479 GC heap after
{Heap after GC invocations=19 (full 0):
 garbage-first heap   total 128000K, used 68578K [0x0000000081c00000, 0x0000000100000000)
  region size 1024K, 3 young (3072K), 3 survivors (3072K)
 Metaspace       used 59754K, committed 60288K, reserved 1114112K
  class space    used 7819K, committed 8064K, reserved 1048576K
}
Event: 15.853 GC heap before
{Heap before GC invocations=20 (full 0):
 garbage-first heap   total 128000K, used 116706K [0x0000000081c00000, 0x0000000100000000)
  region size 1024K, 50 young (51200K), 3 survivors (3072K)
 Metaspace       used 66632K, committed 67328K, reserved 1114112K
  class space    used 8894K, committed 9216K, reserved 1048576K
}
Event: 15.864 GC heap after
{Heap after GC invocations=21 (full 0):
 garbage-first heap   total 128000K, used 69602K [0x0000000081c00000, 0x0000000100000000)
  region size 1024K, 4 young (4096K), 4 survivors (4096K)
 Metaspace       used 66632K, committed 67328K, reserved 1114112K
  class space    used 8894K, committed 9216K, reserved 1048576K
}

